<?xml version="1.0" encoding="UTF-8"?>
<!-- Generated by org.testng.reporters.JUnitReportReporter -->
<testsuite hostname="LIN-5CD5329NTK" failures="0" tests="3" name="testcase.NewTestJSON" time="0.013" errors="0" timestamp="2025-10-27T09:42:50 IST" skipped="0">
  <testcase classname="testcase.NewTestJSON" name="testWithJsonData" time="0.010"/>
  <testcase classname="testcase.NewTestJSON" name="testWithJsonData" time="0.002"/>
  <testcase classname="testcase.NewTestJSON" name="testWithJsonData" time="0.001"/>
</testsuite> <!-- testcase.NewTestJSON -->
