<?xml version="1.0" encoding="UTF-8"?>
<!-- Generated by org.testng.reporters.JUnitReportReporter -->
<testsuite hostname="LIN-5CD5329NTK" failures="0" tests="6" name="day4Fri_stg.groups_demo" time="0.022" errors="0" timestamp="2025-10-17T11:48:37 IST" skipped="0">
  <testcase classname="day4Fri_stg.groups_demo" name="D" time="0.001"/>
  <testcase classname="day4Fri_stg.groups_demo" name="F" time="0.001"/>
  <testcase classname="day4Fri_stg.groups_demo" name="B" time="0.002"/>
  <testcase classname="day4Fri_stg.groups_demo" name="C" time="0.002"/>
  <testcase classname="day4Fri_stg.groups_demo" name="E" time="0.001"/>
  <testcase classname="day4Fri_stg.groups_demo" name="A" time="0.015"/>
</testsuite> <!-- day4Fri_stg.groups_demo -->
